<?xml version="1.0" encoding="utf-8"?><testsuites name="pytest tests"><testsuite name="pytest" errors="0" failures="4" skipped="0" tests="31" time="14.781" timestamp="2026-06-24T18:14:23.157748+00:00" hostname="agent-env-a430189f-4d56-4975-8c7a-9db73d4b9537"><testcase classname="backend_test.TestHealth" name="test_root" time="0.145" /><testcase classname="backend_test.TestAuth" name="test_login_success[admin@raahkar.ir-admin1234]" time="0.050" /><testcase classname="backend_test.TestAuth" name="test_login_success[designer@raahkar.ir-1234]" time="0.045" /><testcase classname="backend_test.TestAuth" name="test_login_success[manager@raahkar.ir-1234]" time="0.044" /><testcase classname="backend_test.TestAuth" name="test_login_success[employee@raahkar.ir-1234]" time="0.043" /><testcase classname="backend_test.TestAuth" name="test_login_invalid" time="0.043" /><testcase classname="backend_test.TestAuth" name="test_me" time="0.090" /><testcase classname="backend_test.TestAuth" name="test_me_missing_token" time="0.083" /><testcase classname="backend_test.TestDashboard" name="test_dashboard_shape" time="0.050" /><testcase classname="backend_test.TestDashboard" name="test_dashboard_manager_has_approvals" time="0.098" /><testcase classname="backend_test.TestWorkflows" name="test_list_seeded" time="0.045" /><testcase classname="backend_test.TestWorkflows" name="test_detail" time="0.087" /><testcase classname="backend_test.TestWorkflows" name="test_create_and_update_and_start" time="0.270" /><testcase classname="backend_test.TestForms" name="test_list" time="0.047" /><testcase classname="backend_test.TestForms" name="test_crud" time="0.182" /><testcase classname="backend_test.TestTasks" name="test_manager_assigned_tasks" time="0.046" /><testcase classname="backend_test.TestTasks" name="test_task_approve_creates_activity" time="0.098"><failure message="KeyError: 'status'">E   KeyError: 'status'</failure></testcase><testcase classname="backend_test.TestComments" name="test_create_and_list" time="0.104" /><testcase classname="backend_test.TestProcesses" name="test_list_and_detail" time="0.138" /><testcase classname="backend_test.TestAIStream" name="test_ai_generate_workflow_sse" time="11.963" /><testcase classname="test_iter2.TestSeedIteration2" name="test_forms_include_services_tabs_form" time="0.095" /><testcase classname="test_iter2.TestSeedIteration2" name="test_petty_workflow_has_conditional_edge" time="0.093" /><testcase classname="test_iter2.TestFormTabsAndVisibility" name="test_create_form_with_tabs_and_visible_if_roundtrip" time="0.181" /><testcase classname="test_iter2.TestEvaluateRule" name="test_empty_rule_always_true" time="0.000" /><testcase classname="test_iter2.TestEvaluateRule" name="test_eq_numeric_coercion" time="0.000" /><testcase classname="test_iter2.TestEvaluateRule" name="test_gt_lt_numeric" time="0.000" /><testcase classname="test_iter2.TestEvaluateRule" name="test_contains_string" time="0.000" /><testcase classname="test_iter2.TestEvaluateRule" name="test_empty_not_empty" time="0.000" /><testcase classname="test_iter2.TestEngineE2E" name="test_above_threshold_traverses_finance_approval" time="0.225"><failure message="AssertionError: employee has no task after start&#10;assert None">E   AssertionError: employee has no task after start
    assert None</failure></testcase><testcase classname="test_iter2.TestEngineE2E" name="test_below_threshold_skips_finance" time="0.183"><failure message="assert None">E   assert None</failure></testcase><testcase classname="test_iter2.TestEngineE2E" name="test_rejection_stops_process" time="0.179"><failure message="assert None">E   assert None</failure></testcase></testsuite></testsuites>