<?xml version="1.0" encoding="utf-8"?><testsuites name="pytest tests"><testsuite name="pytest" errors="0" failures="0" skipped="0" tests="43" time="16.761" timestamp="2026-06-24T18:38:54.463411+00:00" hostname="agent-env-a430189f-4d56-4975-8c7a-9db73d4b9537"><testcase classname="backend_test.TestHealth" name="test_root" time="0.125" /><testcase classname="backend_test.TestAuth" name="test_login_success[admin@raahkar.ir-admin1234]" time="0.052" /><testcase classname="backend_test.TestAuth" name="test_login_success[designer@raahkar.ir-1234]" time="0.061" /><testcase classname="backend_test.TestAuth" name="test_login_success[manager@raahkar.ir-1234]" time="0.052" /><testcase classname="backend_test.TestAuth" name="test_login_success[employee@raahkar.ir-1234]" time="0.047" /><testcase classname="backend_test.TestAuth" name="test_login_invalid" time="0.051" /><testcase classname="backend_test.TestAuth" name="test_me" time="0.094" /><testcase classname="backend_test.TestAuth" name="test_me_missing_token" time="0.050" /><testcase classname="backend_test.TestDashboard" name="test_dashboard_shape" time="0.053" /><testcase classname="backend_test.TestDashboard" name="test_dashboard_manager_has_approvals" time="0.098" /><testcase classname="backend_test.TestWorkflows" name="test_list_seeded" time="0.053" /><testcase classname="backend_test.TestWorkflows" name="test_detail" time="0.100" /><testcase classname="backend_test.TestWorkflows" name="test_create_and_update_and_start" time="0.295" /><testcase classname="backend_test.TestForms" name="test_list" time="0.051" /><testcase classname="backend_test.TestForms" name="test_crud" time="0.195" /><testcase classname="backend_test.TestTasks" name="test_manager_assigned_tasks" time="0.048" /><testcase classname="backend_test.TestTasks" name="test_task_approve_creates_activity" time="0.200" /><testcase classname="backend_test.TestComments" name="test_create_and_list" time="0.132" /><testcase classname="backend_test.TestProcesses" name="test_list_and_detail" time="0.144" /><testcase classname="backend_test.TestAIStream" name="test_ai_generate_workflow_sse" time="10.838" /><testcase classname="test_iter2.TestSeedIteration2" name="test_forms_include_services_tabs_form" time="0.105" /><testcase classname="test_iter2.TestSeedIteration2" name="test_petty_workflow_has_conditional_edge" time="0.109" /><testcase classname="test_iter2.TestFormTabsAndVisibility" name="test_create_form_with_tabs_and_visible_if_roundtrip" time="0.195" /><testcase classname="test_iter2.TestEvaluateRule" name="test_empty_rule_always_true" time="0.000" /><testcase classname="test_iter2.TestEvaluateRule" name="test_eq_numeric_coercion" time="0.000" /><testcase classname="test_iter2.TestEvaluateRule" name="test_gt_lt_numeric" time="0.000" /><testcase classname="test_iter2.TestEvaluateRule" name="test_contains_string" time="0.000" /><testcase classname="test_iter2.TestEvaluateRule" name="test_empty_not_empty" time="0.000" /><testcase classname="test_iter2.TestEngineE2E" name="test_above_threshold_traverses_finance_approval" time="0.669" /><testcase classname="test_iter2.TestEngineE2E" name="test_below_threshold_skips_finance" time="0.414" /><testcase classname="test_iter2.TestEngineE2E" name="test_rejection_stops_process" time="0.403" /><testcase classname="test_iter3.TestPublishGuard" name="test_start_on_draft_returns_400" time="0.148" /><testcase classname="test_iter3.TestPublishGuard" name="test_start_after_publish_returns_200" time="0.241" /><testcase classname="test_iter3.TestEvaluateGroupRule" name="test_and_group_all_match" time="0.000" /><testcase classname="test_iter3.TestEvaluateGroupRule" name="test_and_group_one_fails" time="0.000" /><testcase classname="test_iter3.TestEvaluateGroupRule" name="test_or_group_one_match" time="0.000" /><testcase classname="test_iter3.TestEvaluateGroupRule" name="test_nested_group" time="0.000" /><testcase classname="test_iter3.TestEvaluateGroupRule" name="test_empty_conditions_list_defaults_true" time="0.000" /><testcase classname="test_iter3.TestEvaluateGroupRule" name="test_single_clause_backwards_compat" time="0.000" /><testcase classname="test_iter3.TestGroupRuleRoundTrip" name="test_edge_group_rule_persists_through_patch" time="0.335" /><testcase classname="test_iter3.TestE2EGroupEdges" name="test_and_group_taken_when_both_match" time="0.431" /><testcase classname="test_iter3.TestE2EGroupEdges" name="test_and_group_skipped_when_one_fails" time="0.403" /><testcase classname="test_iter3.TestE2EGroupEdges" name="test_or_group_taken_when_one_matches" time="0.404" /></testsuite></testsuites>