<?xml version="1.0" encoding="utf-8"?><testsuites name="pytest tests"><testsuite name="pytest" errors="0" failures="0" skipped="0" tests="12" time="2.360" timestamp="2026-06-24T18:38:46.783023+00:00" hostname="agent-env-a430189f-4d56-4975-8c7a-9db73d4b9537"><testcase classname="test_iter3.TestPublishGuard" name="test_start_on_draft_returns_400" time="0.376" /><testcase classname="test_iter3.TestPublishGuard" name="test_start_after_publish_returns_200" time="0.203" /><testcase classname="test_iter3.TestEvaluateGroupRule" name="test_and_group_all_match" time="0.000" /><testcase classname="test_iter3.TestEvaluateGroupRule" name="test_and_group_one_fails" time="0.000" /><testcase classname="test_iter3.TestEvaluateGroupRule" name="test_or_group_one_match" time="0.000" /><testcase classname="test_iter3.TestEvaluateGroupRule" name="test_nested_group" time="0.000" /><testcase classname="test_iter3.TestEvaluateGroupRule" name="test_empty_conditions_list_defaults_true" time="0.000" /><testcase classname="test_iter3.TestEvaluateGroupRule" name="test_single_clause_backwards_compat" time="0.000" /><testcase classname="test_iter3.TestGroupRuleRoundTrip" name="test_edge_group_rule_persists_through_patch" time="0.356" /><testcase classname="test_iter3.TestE2EGroupEdges" name="test_and_group_taken_when_both_match" time="0.484" /><testcase classname="test_iter3.TestE2EGroupEdges" name="test_and_group_skipped_when_one_fails" time="0.388" /><testcase classname="test_iter3.TestE2EGroupEdges" name="test_or_group_taken_when_one_matches" time="0.402" /></testsuite></testsuites>