<?xml version="1.0" encoding="utf-8"?><testsuites name="pytest tests"><testsuite name="pytest" errors="0" failures="3" skipped="0" tests="11" time="1.560" timestamp="2026-06-24T18:13:32.638638+00:00" hostname="agent-env-a430189f-4d56-4975-8c7a-9db73d4b9537"><testcase classname="test_iter2.TestSeedIteration2" name="test_forms_include_services_tabs_form" time="0.271" /><testcase classname="test_iter2.TestSeedIteration2" name="test_petty_workflow_has_conditional_edge" time="0.153" /><testcase classname="test_iter2.TestFormTabsAndVisibility" name="test_create_form_with_tabs_and_visible_if_roundtrip" time="0.222" /><testcase classname="test_iter2.TestEvaluateRule" name="test_empty_rule_always_true" time="0.000" /><testcase classname="test_iter2.TestEvaluateRule" name="test_eq_numeric_coercion" time="0.000" /><testcase classname="test_iter2.TestEvaluateRule" name="test_gt_lt_numeric" time="0.000" /><testcase classname="test_iter2.TestEvaluateRule" name="test_contains_string" time="0.000" /><testcase classname="test_iter2.TestEvaluateRule" name="test_empty_not_empty" time="0.000" /><testcase classname="test_iter2.TestEngineE2E" name="test_above_threshold_traverses_finance_approval" time="0.316"><failure message="AssertionError: employee has no task after start&#10;assert None">test_iter2.py:172: in test_above_threshold_traverses_finance_approval
    assert emp_task, "employee has no task after start"
E   AssertionError: employee has no task after start
E   assert None</failure></testcase><testcase classname="test_iter2.TestEngineE2E" name="test_below_threshold_skips_finance" time="0.201"><failure message="assert None">test_iter2.py:232: in test_below_threshold_skips_finance
    assert emp_task
E   assert None</failure></testcase><testcase classname="test_iter2.TestEngineE2E" name="test_rejection_stops_process" time="0.204"><failure message="assert None">test_iter2.py:258: in test_rejection_stops_process
    assert emp_task
E   assert None</failure></testcase></testsuite></testsuites>