<?xml version="1.0" encoding="utf-8"?><testsuites name="pytest tests"><testsuite name="pytest" errors="0" failures="0" skipped="0" tests="20" time="13.512" timestamp="2026-06-24T17:33:55.620958+00:00" hostname="agent-env-a430189f-4d56-4975-8c7a-9db73d4b9537"><testcase classname="backend_test.TestHealth" name="test_root" time="0.227" /><testcase classname="backend_test.TestAuth" name="test_login_success[admin@raahkar.ir-admin1234]" time="0.055" /><testcase classname="backend_test.TestAuth" name="test_login_success[designer@raahkar.ir-1234]" time="0.047" /><testcase classname="backend_test.TestAuth" name="test_login_success[manager@raahkar.ir-1234]" time="0.049" /><testcase classname="backend_test.TestAuth" name="test_login_success[employee@raahkar.ir-1234]" time="0.048" /><testcase classname="backend_test.TestAuth" name="test_login_invalid" time="0.049" /><testcase classname="backend_test.TestAuth" name="test_me" time="0.094" /><testcase classname="backend_test.TestAuth" name="test_me_missing_token" time="0.046" /><testcase classname="backend_test.TestDashboard" name="test_dashboard_shape" time="0.052" /><testcase classname="backend_test.TestDashboard" name="test_dashboard_manager_has_approvals" time="0.149" /><testcase classname="backend_test.TestWorkflows" name="test_list_seeded" time="0.050" /><testcase classname="backend_test.TestWorkflows" name="test_detail" time="0.097" /><testcase classname="backend_test.TestWorkflows" name="test_create_and_update_and_start" time="0.291" /><testcase classname="backend_test.TestForms" name="test_list" time="0.047" /><testcase classname="backend_test.TestForms" name="test_crud" time="0.204" /><testcase classname="backend_test.TestTasks" name="test_manager_assigned_tasks" time="0.053" /><testcase classname="backend_test.TestTasks" name="test_task_approve_creates_activity" time="0.194" /><testcase classname="backend_test.TestComments" name="test_create_and_list" time="0.095" /><testcase classname="backend_test.TestProcesses" name="test_list_and_detail" time="0.138" /><testcase classname="backend_test.TestAIStream" name="test_ai_generate_workflow_sse" time="11.474" /></testsuite></testsuites>